<?xml version="1.0" encoding="UTF-8"?>
<!-- Generated by org.testng.reporters.JUnitReportReporter -->
<testsuite hostname="Art-Samir" failures="0" tests="4" name="day8.extentDemo" time="51.917" errors="0" timestamp="14 May 2024 10:25:09 GMT" skipped="0">
  <testcase classname="day8.extentDemo" name="webtabletest" time="13.418"/>
  <testcase classname="day8.extentDemo" name="checkboxtest" time="10.157"/>
  <testcase classname="day8.extentDemo" name="sendkeystest" time="13.364"/>
  <testcase classname="day8.extentDemo" name="linktest" time="14.978"/>
</testsuite> <!-- day8.extentDemo -->
