<?xml version="1.0" encoding="UTF-8"?>
<!-- Generated by org.testng.reporters.JUnitReportReporter -->
<testsuite hostname="Art-Samir" failures="0" tests="1" name="day7.orangeHRMtestNG" time="7.349" errors="0" timestamp="10 May 2024 11:44:41 GMT" skipped="0">
  <testcase classname="day7.orangeHRMtestNG" name="login" time="7.349"/>
</testsuite> <!-- day7.orangeHRMtestNG -->
