<?xml version="1.0" encoding="UTF-8"?>
<!-- Generated by org.testng.reporters.JUnitReportReporter -->
<testsuite hostname="Art-Samir" failures="0" tests="3" name="day8.parallelTesting" time="24.758" errors="0" timestamp="15 May 2024 05:23:21 GMT" skipped="0">
  <testcase classname="day8.parallelTesting" name="firefoxtest" time="12.352"/>
  <testcase classname="day8.parallelTesting" name="edgetest" time="6.808"/>
  <testcase classname="day8.parallelTesting" name="chrometest" time="5.598"/>
</testsuite> <!-- day8.parallelTesting -->
