<?xml version="1.0" encoding="UTF-8"?>
<!-- Generated by org.testng.reporters.JUnitReportReporter -->
<testsuite hostname="Art-Samir" failures="0" tests="3" name="AssignmentDay8.day8Assignment" time="99.602" errors="0" timestamp="15 May 2024 12:16:17 GMT" skipped="0">
  <testcase classname="AssignmentDay8.day8Assignment" name="chromelogintest" time="29.692"/>
  <testcase classname="AssignmentDay8.day8Assignment" name="firefoxlogintest" time="39.234"/>
  <testcase classname="AssignmentDay8.day8Assignment" name="edgelogintest" time="30.676"/>
</testsuite> <!-- AssignmentDay8.day8Assignment -->
