<?xml version="1.0" encoding="UTF-8"?>
<!-- Generated by org.testng.reporters.JUnitReportReporter -->
<testsuite hostname="Art-Samir" failures="0" tests="4" name="day7.testNGDemo" time="6.134" errors="0" timestamp="10 May 2024 11:12:07 GMT" skipped="0">
  <testcase classname="day7.testNGDemo" name="webtabletest" time="0.384"/>
  <testcase classname="day7.testNGDemo" name="checkboxtest" time="0.223"/>
  <testcase classname="day7.testNGDemo" name="sendkeystest" time="2.173"/>
  <testcase classname="day7.testNGDemo" name="linktest" time="3.354"/>
</testsuite> <!-- day7.testNGDemo -->
