<?xml version="1.0" encoding="UTF-8"?>
<!-- Generated by org.testng.reporters.JUnitReportReporter -->
<testsuite hostname="Art-Samir" failures="0" tests="1" name="day8.softAssertDemo" time="1.580" errors="0" timestamp="15 May 2024 05:06:19 GMT" skipped="0">
  <testcase classname="day8.softAssertDemo" name="clicktest" time="1.580"/>
</testsuite> <!-- day8.softAssertDemo -->
